<?xml version="1.0" encoding="UTF-8"?>
<testsuite xmlns:xsi="http://www.w3.org/2001/XMLSchema-instance" xsi:noNamespaceSchemaLocation="https://maven.apache.org/surefire/maven-surefire-plugin/xsd/surefire-test-report.xsd" version="3.0.2" name="com.mygame.server.EntityTests" time="6.0" tests="6" errors="0" skipped="0" failures="0">
  <properties>
[...]
</properties>
  <testcase name="testSaveAndRetrievePlayer" classname="com.mygame.server.EntityTests" time="0.71">
    <system-out><![CDATA[20:13:28.554 [main] INFO org.springframework.test.context.support.AnnotationConfigContextLoaderUtils -- Could not detect default configuration classes for test class [com.mygame.server.EntityTests]: EntityTests does not declare any static, non-private, non-final, nested classes annotated with @Configuration.
20:13:28.751 [main] INFO org.springframework.boot.test.context.SpringBootTestContextBootstrapper -- Found @SpringBootConfiguration com.mygame.server.ServerApplication for test class com.mygame.server.EntityTests
20:13:28.886 [main] INFO org.springframework.boot.devtools.restart.RestartApplicationListener -- Restart disabled due to context in which it is running

  .   ____          _            __ _ _
 /\\ / ___'_ __ _ _(_)_ __  __ _ \ \ \ \
( ( )\___ | '_ | '_| | '_ \/ _` | \ \ \ \
 \\/  ___)| |_)| | | | | || (_| |  ) ) ) )
  '  |____| .__|_| |_|_| |_\__, | / / / /
 =========|_|==============|___/=/_/_/_/

 :: Spring Boot ::                (v3.4.5)

2025-05-06T20:13:29.508Z  INFO 392185 --- [server] [           main] com.mygame.server.EntityTests            : Starting EntityTests using Java 17.0.15 with PID 392185 (started by codespace in /workspaces/spring-boot-demo/server)
2025-05-06T20:13:29.510Z  INFO 392185 --- [server] [           main] com.mygame.server.EntityTests            : No active profile set, falling back to 1 default profile: "default"
2025-05-06T20:13:30.289Z  INFO 392185 --- [server] [           main] .s.d.r.c.RepositoryConfigurationDelegate : Bootstrapping Spring Data JPA repositories in DEFAULT mode.
2025-05-06T20:13:30.484Z  INFO 392185 --- [server] [           main] .s.d.r.c.RepositoryConfigurationDelegate : Finished Spring Data repository scanning in 169 ms. Found 2 JPA repository interfaces.
2025-05-06T20:13:30.621Z  INFO 392185 --- [server] [           main] beddedDataSourceBeanFactoryPostProcessor : Replacing 'dataSource' DataSource bean with embedded version
2025-05-06T20:13:30.738Z  INFO 392185 --- [server] [           main] o.s.j.d.e.EmbeddedDatabaseFactory        : Starting embedded database: url='jdbc:h2:mem:664ddff1-b75f-4965-98a5-5f60ab3a42f7;DB_CLOSE_DELAY=-1;DB_CLOSE_ON_EXIT=false', username='sa'
2025-05-06T20:13:31.083Z  INFO 392185 --- [server] [           main] o.hibernate.jpa.internal.util.LogHelper  : HHH000204: Processing PersistenceUnitInfo [name: default]
2025-05-06T20:13:31.133Z  INFO 392185 --- [server] [           main] org.hibernate.Version                    : HHH000412: Hibernate ORM core version 6.6.13.Final
2025-05-06T20:13:31.166Z  INFO 392185 --- [server] [           main] o.h.c.internal.RegionFactoryInitiator    : HHH000026: Second-level cache disabled
2025-05-06T20:13:31.477Z  INFO 392185 --- [server] [           main] o.s.o.j.p.SpringPersistenceUnitInfo      : No LoadTimeWeaver setup: ignoring JPA class transformer
2025-05-06T20:13:31.557Z  INFO 392185 --- [server] [           main] org.hibernate.orm.connections.pooling    : HHH10001005: Database info:
	Database JDBC URL [Connecting through datasource 'org.springframework.jdbc.datasource.embedded.EmbeddedDatabaseFactory$EmbeddedDataSourceProxy@2f04993d']
	Database driver: undefined/unknown
	Database version: 2.3.232
	Autocommit mode: undefined/unknown
	Isolation level: undefined/unknown
	Minimum pool size: undefined/unknown
	Maximum pool size: undefined/unknown
2025-05-06T20:13:32.763Z  INFO 392185 --- [server] [           main] o.h.e.t.j.p.i.JtaPlatformInitiator       : HHH000489: No JTA platform available (set 'hibernate.transaction.jta.platform' to enable JTA platform integration)
Hibernate: drop table if exists item cascade 
Hibernate: drop table if exists monster cascade 
Hibernate: drop table if exists monster_drops cascade 
Hibernate: drop table if exists player cascade 
Hibernate: drop table if exists player_inventory cascade 
Hibernate: drop table if exists room cascade 
Hibernate: drop table if exists room_exits cascade 
Hibernate: create table item (attack_bonus integer not null, defense_bonus integer not null, price integer not null, id bigint generated by default as identity, player_id bigint, room_id bigint, description varchar(255), name varchar(255), primary key (id))
Hibernate: create table monster (attack integer not null, hp integer not null, id bigint generated by default as identity, name varchar(255), primary key (id))
Hibernate: create table monster_drops (item_id bigint not null, monster_id bigint not null)
Hibernate: create table player (attack integer not null, base_attack integer not null, defense integer not null, hp integer not null, kill_count integer not null, total_damage integer not null, current_room_id bigint, id bigint generated by default as identity, name varchar(255), primary key (id))
Hibernate: create table player_inventory (item_id bigint not null, player_id bigint not null)
Hibernate: create table room (has_potion boolean not null, id bigint generated by default as identity, monster_id bigint unique, description varchar(255), name varchar(255), primary key (id))
Hibernate: create table room_exits (exit_room_id bigint not null, room_id bigint not null, exits_key varchar(255) not null, primary key (room_id, exits_key))
Hibernate: alter table if exists item add constraint FK47w5osbm6r3439gaefmqrsrer foreign key (room_id) references room
Hibernate: alter table if exists item add constraint FK846okx15sf8o3ei7ll4pmmkp6 foreign key (player_id) references player
Hibernate: alter table if exists monster_drops add constraint FK3ki2iyemeuibscvundtx6cfqa foreign key (item_id) references item
Hibernate: alter table if exists monster_drops add constraint FKimcas993l60uek5gl679j5c3w foreign key (monster_id) references monster
Hibernate: alter table if exists player_inventory add constraint FK6vlcidgkqiv40cvfco69v0whx foreign key (item_id) references item
Hibernate: alter table if exists player_inventory add constraint FKt779n0k4wlt8dioorwg77afw5 foreign key (player_id) references player
Hibernate: alter table if exists room add constraint FKfg90stuh9o02drj4cotfj4wgp foreign key (monster_id) references monster
Hibernate: alter table if exists room_exits add constraint FKk88x4yvw2u679wwcxymfb8qwc foreign key (exit_room_id) references room
Hibernate: alter table if exists room_exits add constraint FKt434um8pbc799dmwyhosrl6ji foreign key (room_id) references room
2025-05-06T20:13:32.855Z  INFO 392185 --- [server] [           main] j.LocalContainerEntityManagerFactoryBean : Initialized JPA EntityManagerFactory for persistence unit 'default'
2025-05-06T20:13:33.383Z  INFO 392185 --- [server] [           main] com.mygame.server.EntityTests            : Started EntityTests in 4.526 seconds (process running for 6.111)
Hibernate: insert into player (attack,base_attack,current_room_id,defense,hp,kill_count,name,total_damage,id) values (?,?,?,?,?,?,?,?,default)
]]></system-out>
  </testcase>
  <testcase name="testSaveAndRetrieveMonster" classname="com.mygame.server.EntityTests" time="0.016">
    <system-out><![CDATA[Hibernate: insert into monster (attack,hp,name,id) values (?,?,?,default)
]]></system-out>
  </testcase>
  <testcase name="testRoomExitsRelationship" classname="com.mygame.server.EntityTests" time="0.017">
    <system-out><![CDATA[Hibernate: insert into room (description,has_potion,monster_id,name,id) values (?,?,?,?,default)
Hibernate: insert into room (description,has_potion,monster_id,name,id) values (?,?,?,?,default)
Hibernate: insert into room_exits (room_id,exits_key,exit_room_id) values (?,?,?)
]]></system-out>
  </testcase>
  <testcase name="testSaveMultiplePlayers" classname="com.mygame.server.EntityTests" time="0.142">
    <system-out><![CDATA[Hibernate: insert into player (attack,base_attack,current_room_id,defense,hp,kill_count,name,total_damage,id) values (?,?,?,?,?,?,?,?,default)
Hibernate: insert into player (attack,base_attack,current_room_id,defense,hp,kill_count,name,total_damage,id) values (?,?,?,?,?,?,?,?,default)
Hibernate: insert into player (attack,base_attack,current_room_id,defense,hp,kill_count,name,total_damage,id) values (?,?,?,?,?,?,?,?,default)
Hibernate: select p1_0.id,p1_0.attack,p1_0.base_attack,p1_0.current_room_id,p1_0.defense,p1_0.hp,p1_0.kill_count,p1_0.name,p1_0.total_damage from player p1_0

Players in database: [Player{id=2, name='Player One', hp=100, baseAttack=0, attack=0, defense=0, killCount=0, totalDamage=0, equipment=[], inventory=[]}, Player{id=3, name='Player Two', hp=120, baseAttack=0, attack=0, defense=0, killCount=0, totalDamage=0, equipment=[], inventory=[]}, Player{id=4, name='Player Three', hp=80, baseAttack=0, attack=0, defense=0, killCount=0, totalDamage=0, equipment=[], inventory=[]}]

]]></system-out>
  </testcase>
  <testcase name="testSaveAndRetrieveItem" classname="com.mygame.server.EntityTests" time="0.019">
    <system-out><![CDATA[Hibernate: insert into item (attack_bonus,defense_bonus,description,name,price,room_id,id) values (?,?,?,?,?,?,default)
]]></system-out>
  </testcase>
  <testcase name="testSaveAndRetrieveRoom" classname="com.mygame.server.EntityTests" time="0.015">
    <system-out><![CDATA[Hibernate: insert into room (description,has_potion,monster_id,name,id) values (?,?,?,?,default)
]]></system-out>
  </testcase>
</testsuite>