<?xml version="1.0" encoding="UTF-8"?>
<testsuite xmlns:xsi="http://www.w3.org/2001/XMLSchema-instance" xsi:noNamespaceSchemaLocation="https://maven.apache.org/surefire/maven-surefire-plugin/xsd/surefire-test-report.xsd" version="3.0.2" name="com.mygame.server.ServerApplicationTests" time="6.869" tests="1" errors="0" skipped="0" failures="0">
  <properties>
[...]
</properties>
  <testcase name="contextLoads" classname="com.mygame.server.ServerApplicationTests" time="0.625">
    <system-out><![CDATA[20:27:58.413 [main] INFO org.springframework.test.context.support.AnnotationConfigContextLoaderUtils -- Could not detect default configuration classes for test class [com.mygame.server.ServerApplicationTests]: ServerApplicationTests does not declare any static, non-private, non-final, nested classes annotated with @Configuration.
20:27:58.589 [main] INFO org.springframework.boot.test.context.SpringBootTestContextBootstrapper -- Found @SpringBootConfiguration com.mygame.server.ServerApplication for test class com.mygame.server.ServerApplicationTests
20:27:58.773 [main] INFO org.springframework.boot.devtools.restart.RestartApplicationListener -- Restart disabled due to context in which it is running

  .   ____          _            __ _ _
 /\\ / ___'_ __ _ _(_)_ __  __ _ \ \ \ \
( ( )\___ | '_ | '_| | '_ \/ _` | \ \ \ \
 \\/  ___)| |_)| | | | | || (_| |  ) ) ) )
  '  |____| .__|_| |_|_| |_\__, | / / / /
 =========|_|==============|___/=/_/_/_/

 :: Spring Boot ::                (v3.4.5)

2025-05-07T20:27:59.273Z  INFO 58087 --- [server] [           main] c.mygame.server.ServerApplicationTests   : Starting ServerApplicationTests using Java 17.0.15 with PID 58087 (started by codespace in /workspaces/spring-boot-demo/server)
2025-05-07T20:27:59.278Z  INFO 58087 --- [server] [           main] c.mygame.server.ServerApplicationTests   : The following 1 profile is active: "local"
2025-05-07T20:27:59.344Z DEBUG 58087 --- [server] [           main] o.s.w.c.s.GenericWebApplicationContext   : Refreshing org.springframework.web.context.support.GenericWebApplicationContext@2d0566ba
2025-05-07T20:28:00.454Z  INFO 58087 --- [server] [           main] .s.d.r.c.RepositoryConfigurationDelegate : Bootstrapping Spring Data JPA repositories in DEFAULT mode.
2025-05-07T20:28:00.523Z  INFO 58087 --- [server] [           main] .s.d.r.c.RepositoryConfigurationDelegate : Finished Spring Data repository scanning in 60 ms. Found 2 JPA repository interfaces.
2025-05-07T20:28:01.183Z  INFO 58087 --- [server] [           main] o.hibernate.jpa.internal.util.LogHelper  : HHH000204: Processing PersistenceUnitInfo [name: default]
2025-05-07T20:28:01.233Z  INFO 58087 --- [server] [           main] org.hibernate.Version                    : HHH000412: Hibernate ORM core version 6.6.13.Final
2025-05-07T20:28:01.265Z  INFO 58087 --- [server] [           main] o.h.c.internal.RegionFactoryInitiator    : HHH000026: Second-level cache disabled
2025-05-07T20:28:01.551Z  INFO 58087 --- [server] [           main] o.s.o.j.p.SpringPersistenceUnitInfo      : No LoadTimeWeaver setup: ignoring JPA class transformer
2025-05-07T20:28:01.577Z  INFO 58087 --- [server] [           main] com.zaxxer.hikari.HikariDataSource       : HikariPool-1 - Starting...
2025-05-07T20:28:01.760Z  INFO 58087 --- [server] [           main] com.zaxxer.hikari.pool.HikariPool        : HikariPool-1 - Added connection conn0: url=jdbc:h2:mem:testdb user=SA
2025-05-07T20:28:01.765Z  INFO 58087 --- [server] [           main] com.zaxxer.hikari.HikariDataSource       : HikariPool-1 - Start completed.
2025-05-07T20:28:01.794Z  WARN 58087 --- [server] [           main] org.hibernate.orm.deprecation            : HHH90000025: H2Dialect does not need to be specified explicitly using 'hibernate.dialect' (remove the property setting and it will be selected by default)
2025-05-07T20:28:01.822Z  INFO 58087 --- [server] [           main] org.hibernate.orm.connections.pooling    : HHH10001005: Database info:
	Database JDBC URL [Connecting through datasource 'HikariDataSource (HikariPool-1)']
	Database driver: undefined/unknown
	Database version: 2.3.232
	Autocommit mode: undefined/unknown
	Isolation level: undefined/unknown
	Minimum pool size: undefined/unknown
	Maximum pool size: undefined/unknown
2025-05-07T20:28:03.016Z  INFO 58087 --- [server] [           main] o.h.e.t.j.p.i.JtaPlatformInitiator       : HHH000489: No JTA platform available (set 'hibernate.transaction.jta.platform' to enable JTA platform integration)
2025-05-07T20:28:03.162Z  INFO 58087 --- [server] [           main] j.LocalContainerEntityManagerFactoryBean : Initialized JPA EntityManagerFactory for persistence unit 'default'
2025-05-07T20:28:03.695Z  WARN 58087 --- [server] [           main] .s.s.UserDetailsServiceAutoConfiguration : 

Using generated security password: 7f4598a9-534c-4188-8ed8-b36e8dedcdbd

This generated password is for development use only. Your security configuration must be updated before running your application in production.

2025-05-07T20:28:03.714Z  INFO 58087 --- [server] [           main] r$InitializeUserDetailsManagerConfigurer : Global AuthenticationManager configured with UserDetailsService bean with name inMemoryUserDetailsManager
2025-05-07T20:28:03.800Z  INFO 58087 --- [server] [           main] o.s.b.a.w.s.WelcomePageHandlerMapping    : Adding welcome page: class path resource [static/index.html]
2025-05-07T20:28:03.861Z DEBUG 58087 --- [server] [           main] s.w.s.m.m.a.RequestMappingHandlerMapping : 8 mappings in 'requestMappingHandlerMapping'
2025-05-07T20:28:03.995Z DEBUG 58087 --- [server] [           main] o.s.w.s.handler.SimpleUrlHandlerMapping  : Patterns [/webjars/**, /**] in 'resourceHandlerMapping'
2025-05-07T20:28:04.030Z DEBUG 58087 --- [server] [           main] o.s.s.web.DefaultSecurityFilterChain     : Will secure any request with filters: DisableEncodeUrlFilter, WebAsyncManagerIntegrationFilter, SecurityContextHolderFilter, HeaderWriterFilter, LogoutFilter, RequestCacheAwareFilter, SecurityContextHolderAwareRequestFilter, AnonymousAuthenticationFilter, ExceptionTranslationFilter, AuthorizationFilter
2025-05-07T20:28:04.205Z DEBUG 58087 --- [server] [           main] s.w.s.m.m.a.RequestMappingHandlerAdapter : ControllerAdvice beans: 0 @ModelAttribute, 0 @InitBinder, 1 RequestBodyAdvice, 1 ResponseBodyAdvice
2025-05-07T20:28:04.279Z DEBUG 58087 --- [server] [           main] .m.m.a.ExceptionHandlerExceptionResolver : ControllerAdvice beans: 0 @ExceptionHandler, 1 ResponseBodyAdvice
2025-05-07T20:28:04.326Z  INFO 58087 --- [server] [           main] o.s.b.a.h2.H2ConsoleAutoConfiguration    : H2 console available at '/h2-console'. Database available at 'jdbc:h2:mem:testdb'
2025-05-07T20:28:04.458Z  INFO 58087 --- [server] [           main] c.mygame.server.ServerApplicationTests   : Started ServerApplicationTests in 5.702 seconds (process running for 7.046)
]]></system-out>
  </testcase>
</testsuite>